<?xml version="1.0" encoding="UTF-8"?>
<!-- Generated by org.testng.reporters.JUnitXMLReporter -->
<testsuite ignored="0" hostname="LIN-5CG120088M" failures="0" tests="7" name="UI Automation Test" time="4.109" errors="0" timestamp="2026-03-20T17:35:54 IST">
  <testcase classname="com.Ui.tests.TestBase" name="@BeforeMethod setup" time="0.057">
    <failure type="java.lang.Error" message="Unresolved compilation problems: 
	The method equalsIgnoreCase(String) is undefined for the type Browser
	The method equalsIgnoreCase(String) is undefined for the type Browser
	The method equalsIgnoreCase(String) is undefined for the type Browser
">
      <![CDATA[java.lang.Error: Unresolved compilation problems: 
The method equalsIgnoreCase(String) is undefined for the type Browser
The method equalsIgnoreCase(String) is undefined for the type Browser
The method equalsIgnoreCase(String) is undefined for the type Browser

at com.Utility.BrowserUtility.<init>(BrowserUtility.java:37)
at com.Ui.pages.HomePage.<init>(HomePage.java:25)
at com.Ui.tests.TestBase.setup(TestBase.java:20)
at java.base/java.util.concurrent.Executors$RunnableAdapter.call(Executors.java:572)
at java.base/java.util.concurrent.FutureTask.run(FutureTask.java:317)
at java.base/java.util.concurrent.ThreadPoolExecutor.runWorker(ThreadPoolExecutor.java:1144)
at java.base/java.util.concurrent.ThreadPoolExecutor$Worker.run(ThreadPoolExecutor.java:642)
at java.base/java.lang.Thread.run(Thread.java:1570)
... Removed 15 stack frames]]>
    </failure>
  </testcase> <!-- @BeforeMethod setup -->
  <testcase classname="com.Ui.tests.TestBase" name="@BeforeMethod setup" time="0.0">
    <skipped/>
  </testcase> <!-- @BeforeMethod setup -->
  <testcase classname="com.Ui.tests.TestBase" name="@BeforeMethod setup" time="0.0">
    <skipped/>
  </testcase> <!-- @BeforeMethod setup -->
  <testcase classname="com.Ui.tests.TestBase" name="@BeforeMethod setup" time="0.0">
    <skipped/>
  </testcase> <!-- @BeforeMethod setup -->
  <testcase classname="com.Ui.tests.TestBase" name="@BeforeMethod setup" time="0.0">
    <skipped/>
  </testcase> <!-- @BeforeMethod setup -->
  <testcase classname="com.Ui.tests.TestBase" name="@BeforeMethod setup" time="0.0">
    <skipped/>
  </testcase> <!-- @BeforeMethod setup -->
  <testcase classname="com.Ui.tests.TestBase" name="@BeforeMethod setup" time="0.0">
    <skipped/>
  </testcase> <!-- @BeforeMethod setup -->
  <testcase classname="com.Ui.tests.LoginTest3" name="loginCSVTest" time="0.0">
    <skipped/>
  </testcase> <!-- loginCSVTest -->
  <testcase classname="com.Ui.tests.LoginTest3" name="loginExcelTest1" time="0.0">
    <skipped/>
  </testcase> <!-- loginExcelTest1 -->
  <testcase classname="com.Ui.tests.LoginTest3" name="loginTest" time="0.011">
    <skipped/>
  </testcase> <!-- loginTest -->
  <testcase classname="com.Ui.tests.LoginTest3" name="loginExcelTest1" time="0.001">
    <skipped/>
  </testcase> <!-- loginExcelTest1 -->
  <testcase classname="com.Ui.tests.LoginTest3" name="loginTest" time="0.0">
    <skipped/>
  </testcase> <!-- loginTest -->
  <testcase classname="com.Ui.tests.LoginTest3" name="loginCSVTest" time="0.002">
    <skipped/>
  </testcase> <!-- loginCSVTest -->
  <testcase classname="com.Ui.tests.LoginTest3" name="loginExcelTest" time="0.0">
    <skipped/>
  </testcase> <!-- loginExcelTest -->
</testsuite> <!-- UI Automation Test -->
