<?xml version="1.0" encoding="UTF-8"?>
<!-- Generated by org.testng.reporters.JUnitReportReporter -->
<testsuite hostname="LIN-5CG120088M" failures="0" tests="8" name="com.Ui.tests.LoginTest3" time="0.071" errors="1" timestamp="2026-03-20T17:35:55 IST" skipped="7">
  <testcase classname="com.Ui.tests.LoginTest3" name="loginExcelTest" time="0.000">
    <skipped/>
  </testcase> <!-- loginExcelTest -->
  <testcase classname="com.Ui.tests.LoginTest3" name="loginTest" time="0.000">
    <skipped/>
  </testcase> <!-- loginTest -->
  <testcase classname="com.Ui.tests.LoginTest3" name="setup" time="0.057">
    <error message="Unresolved compilation problems: 
	The method equalsIgnoreCase(String) is undefined for the type Browser
	The method equalsIgnoreCase(String) is undefined for the type Browser
	The method equalsIgnoreCase(String) is undefined for the type Browser
" type="java.lang.Error">
      <![CDATA[java.lang.Error: Unresolved compilation problems: 
The method equalsIgnoreCase(String) is undefined for the type Browser
The method equalsIgnoreCase(String) is undefined for the type Browser
The method equalsIgnoreCase(String) is undefined for the type Browser

at com.Utility.BrowserUtility.<init>(BrowserUtility.java:37)
at com.Ui.pages.HomePage.<init>(HomePage.java:25)
at com.Ui.tests.TestBase.setup(TestBase.java:20)
at java.base/jdk.internal.reflect.DirectMethodHandleAccessor.invoke(DirectMethodHandleAccessor.java:103)
at java.base/java.lang.reflect.Method.invoke(Method.java:580)
at org.testng.internal.invokers.MethodInvocationHelper.invokeMethod(MethodInvocationHelper.java:141)
at org.testng.internal.invokers.MethodInvocationHelper.invokeMethodConsideringTimeout(MethodInvocationHelper.java:71)
at org.testng.internal.invokers.ConfigInvoker.invokeConfigurationMethod(ConfigInvoker.java:400)
at org.testng.internal.invokers.ConfigInvoker.invokeConfigurations(ConfigInvoker.java:333)
at org.testng.internal.invokers.TestInvoker.runConfigMethods(TestInvoker.java:846)
at org.testng.internal.invokers.TestInvoker.invokeMethod(TestInvoker.java:611)
at org.testng.internal.invokers.TestInvoker.invokeTestMethod(TestInvoker.java:230)
at org.testng.internal.invokers.MethodRunner.runInSequence(MethodRunner.java:63)
at org.testng.internal.invokers.TestInvoker$MethodInvocationAgent.invoke(TestInvoker.java:1005)
at org.testng.internal.invokers.TestInvoker.invokeTestMethods(TestInvoker.java:203)
at org.testng.internal.invokers.TestMethodWorker.invokeTestMethods(TestMethodWorker.java:154)
at org.testng.internal.invokers.TestMethodWorker.run(TestMethodWorker.java:134)
at java.base/java.util.concurrent.Executors$RunnableAdapter.call(Executors.java:572)
at java.base/java.util.concurrent.FutureTask.run(FutureTask.java:317)
at org.testng.internal.thread.graph.TestNGFutureTask.run(TestNGFutureTask.java:22)
at java.base/java.util.concurrent.ThreadPoolExecutor.runWorker(ThreadPoolExecutor.java:1144)
at java.base/java.util.concurrent.ThreadPoolExecutor$Worker.run(ThreadPoolExecutor.java:642)
at java.base/java.lang.Thread.run(Thread.java:1570)
]]>
    </error>
  </testcase> <!-- setup -->
  <testcase classname="com.Ui.tests.LoginTest3" name="loginTest" time="0.011">
    <skipped/>
  </testcase> <!-- loginTest -->
  <testcase classname="com.Ui.tests.LoginTest3" name="loginCSVTest" time="0.002">
    <skipped/>
  </testcase> <!-- loginCSVTest -->
  <testcase classname="com.Ui.tests.LoginTest3" name="loginExcelTest1" time="0.001">
    <skipped/>
  </testcase> <!-- loginExcelTest1 -->
  <testcase classname="com.Ui.tests.LoginTest3" name="loginExcelTest1" time="0.000">
    <skipped/>
  </testcase> <!-- loginExcelTest1 -->
  <testcase classname="com.Ui.tests.LoginTest3" name="loginCSVTest" time="0.000">
    <skipped/>
  </testcase> <!-- loginCSVTest -->
</testsuite> <!-- com.Ui.tests.LoginTest3 -->
